2014-06-14 11:42:03.358 HelloCordova[11754:70b] Multi-tasking -> Device: YES, App: YES
2014-06-14 11:42:03.614 HelloCordova[11754:70b] Unlimited access to network resources
2014-06-14 11:42:03.857 HelloCordova[11754:70b] [CDVTimer][keyboard] 0.097990ms
2014-06-14 11:42:03.858 HelloCordova[11754:70b] CDVPlugin class CDVStatusBar (pluginName: statusbar) does not exist.
2014-06-14 11:42:03.859 HelloCordova[11754:70b] [CDVTimer][statusbar] 0.645041ms
2014-06-14 11:42:03.859 HelloCordova[11754:70b] [CDVTimer][TotalPluginStartup] 2.022028ms
2014-06-14 11:42:04.435 HelloCordova[11754:70b] Resetting plugins due to page load.
2014-06-14 11:42:04.731 HelloCordova[11754:70b] Finished load of: file:///Users/alangorton/Library/Application%20Support/iPhone%20Simulator/7.1/Applications/511473F8-0F8E-4964-8A8A-D05D8B9050FB/HelloCordova.app/www/index.html#/app/playlists
2014-06-14 11:42:29.675 HelloCordova[11918:70b] Multi-tasking -> Device: YES, App: YES
2014-06-14 11:42:29.684 HelloCordova[11918:70b] Unlimited access to network resources
2014-06-14 11:42:29.704 HelloCordova[11918:70b] [CDVTimer][keyboard] 0.078976ms
2014-06-14 11:42:29.705 HelloCordova[11918:70b] CDVPlugin class CDVStatusBar (pluginName: statusbar) does not exist.
2014-06-14 11:42:29.706 HelloCordova[11918:70b] [CDVTimer][statusbar] 0.553012ms
2014-06-14 11:42:29.706 HelloCordova[11918:70b] [CDVTimer][TotalPluginStartup] 1.896977ms
2014-06-14 11:42:29.814 HelloCordova[11918:70b] Resetting plugins due to page load.
2014-06-14 11:42:29.971 HelloCordova[11918:70b] Finished load of: file:///Users/alangorton/Library/Application%20Support/iPhone%20Simulator/7.1/Applications/511473F8-0F8E-4964-8A8A-D05D8B9050FB/HelloCordova.app/www/index.html#/app/playlists
Terminating in response to SpringBoard's termination.
2014-06-14 11:52:33.152 HelloCordova[12132:70b] Multi-tasking -> Device: YES, App: YES
2014-06-14 11:52:33.169 HelloCordova[12132:70b] Unlimited access to network resources
2014-06-14 11:52:33.202 HelloCordova[12132:70b] [CDVTimer][keyboard] 0.137985ms
2014-06-14 11:52:33.203 HelloCordova[12132:70b] CDVPlugin class CDVStatusBar (pluginName: statusbar) does not exist.
2014-06-14 11:52:33.204 HelloCordova[12132:70b] [CDVTimer][statusbar] 0.784993ms
2014-06-14 11:52:33.205 HelloCordova[12132:70b] [CDVTimer][TotalPluginStartup] 2.491951ms
2014-06-14 11:52:33.479 HelloCordova[12132:70b] Resetting plugins due to page load.
2014-06-14 11:52:34.490 HelloCordova[12132:70b] Finished load of: file:///Users/alangorton/Library/Application%20Support/iPhone%20Simulator/7.1/Applications/511473F8-0F8E-4964-8A8A-D05D8B9050FB/HelloCordova.app/www/index.html#/app/playlists
